

# Feature Foo
# Feature Foo/Scenario Normal
# Feature Foo/Scenario Normal/Given An array
# Feature Foo/Scenario Normal/ When Push one item
# Feature Foo/Scenario Normal/ Then the number of array is 1
# Don't show me
# Feature Foo
# Feature Foo/Scenario Normal
# Feature Foo/Scenario Normal/Given An array
# Feature Foo/Scenario Normal/ When Push one item
# Feature Foo/Scenario Normal/ Then the number of array is 1
# Show me
# expect(0+@ary) == 0;
# Compared $data
#    got : '1'
# expect : '0'
# 
#    at eg/fail.t line 31
# 

1..0
