


  Array

    push
      should push an element

  Hash

    fetch
      take the value
      take the value



  (Diagnostic message):

    Array → push → should push an element:

      FAIL: ok { join(' ', @a) eq 'a b c d e' };
         at eg/sample.t line 11
      

      Diag: HOGE
        at eg/sample.t line 13.

    Hash → fetch → take the value:

      FAIL: expect($h->{g})->to_be_true;
         at eg/sample.t line 22
      

    Hash → fetch → take the value:

      FAIL: ok { $h->{g} };
         at eg/sample.t line 25
      

      Diag: $h->{'g'} => undef\n
        at eg/sample.t line 25.

      Diag: $h => {'f' => 1}\n
        at eg/sample.t line 25.


not ok
